<?xml version="1.0" encoding="UTF-8"?>
<!-- Generated by org.testng.reporters.JUnitXMLReporter -->
<testsuite hostname="BLRCND52101547" ignored="0" name="validateTitle" tests="2" failures="1" timestamp="2020-12-23T19:51:22 IST" time="25.029" errors="0">
  <testcase name="validateHeaderTitle" time="0.065" classname="Academy.validateTitle"/>
  <testcase name="validatePageTitle" time="0.05" classname="Academy.validateTitle">
    <failure type="java.lang.AssertionError" message="expected [FEATURED 123COURSES] but found [FEATURED COURSES]">
      <![CDATA[java.lang.AssertionError: expected [FEATURED 123COURSES] but found [FEATURED COURSES]
at Academy.validateTitle.validatePageTitle(validateTitle.java:35)
at java.util.ArrayList.forEach(Unknown Source)
at java.util.concurrent.FutureTask.run(Unknown Source)
at java.util.concurrent.ThreadPoolExecutor.runWorker(Unknown Source)
at java.util.concurrent.ThreadPoolExecutor$Worker.run(Unknown Source)
at java.lang.Thread.run(Unknown Source)
... Removed 24 stack frames]]>
    </failure>
  </testcase> <!-- validatePageTitle -->
</testsuite> <!-- validateTitle -->
