<?xml version="1.0" encoding="UTF-8"?>
<testng-results skipped="0" failed="1" ignored="0" total="5" passed="4">
  <reporter-output>
  </reporter-output>
  <suite name="Suite" duration-ms="32840" started-at="2020-12-23T19:50:57 IST" finished-at="2020-12-23T19:51:29 IST">
    <groups>
    </groups>
    <test name="validateTitle" duration-ms="25029" started-at="2020-12-23T19:50:57 IST" finished-at="2020-12-23T19:51:22 IST">
      <class name="Academy.validateTitle">
        <test-method status="PASS" signature="initialize()[pri:0, instance:Academy.validateTitle@462f31]" name="initialize" is-config="true" duration-ms="23294" started-at="2020-12-23T19:50:57 IST" finished-at="2020-12-23T19:51:20 IST">
          <reporter-output>
          </reporter-output>
        </test-method> <!-- initialize -->
        <test-method status="PASS" signature="validateHeaderTitle()[pri:0, instance:Academy.validateTitle@462f31]" name="validateHeaderTitle" duration-ms="65" started-at="2020-12-23T19:51:20 IST" finished-at="2020-12-23T19:51:20 IST">
          <reporter-output>
          </reporter-output>
        </test-method> <!-- validateHeaderTitle -->
        <test-method status="FAIL" signature="validatePageTitle()[pri:0, instance:Academy.validateTitle@462f31]" name="validatePageTitle" duration-ms="50" started-at="2020-12-23T19:51:20 IST" finished-at="2020-12-23T19:51:20 IST">
          <exception class="java.lang.AssertionError">
            <message>
              <![CDATA[expected [FEATURED 123COURSES] but found [FEATURED COURSES]]]>
            </message>
            <full-stacktrace>
              <![CDATA[java.lang.AssertionError: expected [FEATURED 123COURSES] but found [FEATURED COURSES]
at org.testng.Assert.fail(Assert.java:99)
at org.testng.Assert.failNotEquals(Assert.java:1037)
at org.testng.Assert.assertEqualsImpl(Assert.java:140)
at org.testng.Assert.assertEquals(Assert.java:122)
at org.testng.Assert.assertEquals(Assert.java:629)
at org.testng.Assert.assertEquals(Assert.java:639)
at Academy.validateTitle.validatePageTitle(validateTitle.java:35)
at sun.reflect.NativeMethodAccessorImpl.invoke0(Native Method)
at sun.reflect.NativeMethodAccessorImpl.invoke(Unknown Source)
at sun.reflect.DelegatingMethodAccessorImpl.invoke(Unknown Source)
at java.lang.reflect.Method.invoke(Unknown Source)
at org.testng.internal.MethodInvocationHelper.invokeMethod(MethodInvocationHelper.java:132)
at org.testng.internal.TestInvoker.invokeMethod(TestInvoker.java:599)
at org.testng.internal.TestInvoker.invokeTestMethod(TestInvoker.java:174)
at org.testng.internal.MethodRunner.runInSequence(MethodRunner.java:46)
at org.testng.internal.TestInvoker$MethodInvocationAgent.invoke(TestInvoker.java:822)
at org.testng.internal.TestInvoker.invokeTestMethods(TestInvoker.java:147)
at org.testng.internal.TestMethodWorker.invokeTestMethods(TestMethodWorker.java:146)
at org.testng.internal.TestMethodWorker.run(TestMethodWorker.java:128)
at java.util.ArrayList.forEach(Unknown Source)
at org.testng.TestRunner.privateRun(TestRunner.java:764)
at org.testng.TestRunner.run(TestRunner.java:585)
at org.testng.SuiteRunner.runTest(SuiteRunner.java:384)
at org.testng.SuiteRunner.access$000(SuiteRunner.java:28)
at org.testng.SuiteRunner$SuiteWorker.run(SuiteRunner.java:425)
at org.testng.internal.thread.ThreadUtil.lambda$execute$0(ThreadUtil.java:66)
at java.util.concurrent.FutureTask.run(Unknown Source)
at java.util.concurrent.ThreadPoolExecutor.runWorker(Unknown Source)
at java.util.concurrent.ThreadPoolExecutor$Worker.run(Unknown Source)
at java.lang.Thread.run(Unknown Source)
]]>
            </full-stacktrace>
          </exception> <!-- java.lang.AssertionError -->
          <reporter-output>
          </reporter-output>
        </test-method> <!-- validatePageTitle -->
        <test-method status="PASS" signature="closebrowser()[pri:0, instance:Academy.validateTitle@462f31]" name="closebrowser" is-config="true" duration-ms="820" started-at="2020-12-23T19:51:21 IST" finished-at="2020-12-23T19:51:22 IST">
          <reporter-output>
          </reporter-output>
        </test-method> <!-- closebrowser -->
      </class> <!-- Academy.validateTitle -->
    </test> <!-- validateTitle -->
    <test name="validatingNavigationbar" duration-ms="26479" started-at="2020-12-23T19:50:57 IST" finished-at="2020-12-23T19:51:23 IST">
      <class name="Academy.validateNavigationBar">
        <test-method status="PASS" signature="initialize()[pri:0, instance:Academy.validateNavigationBar@3ec003]" name="initialize" is-config="true" duration-ms="25469" started-at="2020-12-23T19:50:57 IST" finished-at="2020-12-23T19:51:22 IST">
          <reporter-output>
          </reporter-output>
        </test-method> <!-- initialize -->
        <test-method status="PASS" signature="valiadeNavigatebar()[pri:0, instance:Academy.validateNavigationBar@3ec003]" name="valiadeNavigatebar" duration-ms="307" started-at="2020-12-23T19:51:22 IST" finished-at="2020-12-23T19:51:22 IST">
          <reporter-output>
          </reporter-output>
        </test-method> <!-- valiadeNavigatebar -->
        <test-method status="PASS" signature="closebrowser()[pri:0, instance:Academy.validateNavigationBar@3ec003]" name="closebrowser" is-config="true" duration-ms="697" started-at="2020-12-23T19:51:22 IST" finished-at="2020-12-23T19:51:23 IST">
          <reporter-output>
          </reporter-output>
        </test-method> <!-- closebrowser -->
      </class> <!-- Academy.validateNavigationBar -->
    </test> <!-- validatingNavigationbar -->
    <test name="Validating user login" duration-ms="32840" started-at="2020-12-23T19:50:57 IST" finished-at="2020-12-23T19:51:29 IST">
      <class name="Academy.HomePage">
        <test-method status="PASS" signature="initialize()[pri:0, instance:Academy.HomePage@75da3]" name="initialize" is-config="true" duration-ms="5386" started-at="2020-12-23T19:50:57 IST" finished-at="2020-12-23T19:51:02 IST">
          <reporter-output>
          </reporter-output>
        </test-method> <!-- initialize -->
        <test-method status="PASS" signature="basePageNavaigation(java.lang.String, java.lang.String, java.lang.String)[pri:0, instance:Academy.HomePage@75da3]" name="basePageNavaigation" duration-ms="23805" started-at="2020-12-23T19:51:02 IST" data-provider="getData" finished-at="2020-12-23T19:51:26 IST">
          <params>
            <param index="0">
              <value>
                <![CDATA[hello@gmail.com]]>
              </value>
            </param>
            <param index="1">
              <value>
                <![CDATA[abcd]]>
              </value>
            </param>
            <param index="2">
              <value>
                <![CDATA[restricted user]]>
              </value>
            </param>
          </params>
          <reporter-output>
          </reporter-output>
        </test-method> <!-- basePageNavaigation -->
        <test-method status="PASS" signature="basePageNavaigation(java.lang.String, java.lang.String, java.lang.String)[pri:0, instance:Academy.HomePage@75da3]" name="basePageNavaigation" duration-ms="3284" started-at="2020-12-23T19:51:26 IST" data-provider="getData" finished-at="2020-12-23T19:51:29 IST">
          <params>
            <param index="0">
              <value>
                <![CDATA[akshatha@gmail.com]]>
              </value>
            </param>
            <param index="1">
              <value>
                <![CDATA[123abc]]>
              </value>
            </param>
            <param index="2">
              <value>
                <![CDATA[nonrestricted user]]>
              </value>
            </param>
          </params>
          <reporter-output>
          </reporter-output>
        </test-method> <!-- basePageNavaigation -->
        <test-method status="PASS" signature="closebrowser()[pri:0, instance:Academy.HomePage@75da3]" name="closebrowser" is-config="true" duration-ms="294" started-at="2020-12-23T19:51:29 IST" finished-at="2020-12-23T19:51:29 IST">
          <reporter-output>
          </reporter-output>
        </test-method> <!-- closebrowser -->
      </class> <!-- Academy.HomePage -->
    </test> <!-- Validating user login -->
  </suite> <!-- Suite -->
</testng-results>
